g:\directx12_demo\demo2\demo2\x64\debug\vc142.pdb
g:\directx12_demo\demo2\demo2\x64\debug\vc142.idb
g:\directx12_demo\demo2\demo2\x64\debug\mathhelper.obj
g:\directx12_demo\demo2\demo2\x64\debug\gametimer.obj
g:\directx12_demo\demo2\demo2\x64\debug\toolfunc.obj
g:\directx12_demo\demo2\demo2\x64\debug\d3d12app.obj
g:\directx12_demo\demo2\demo2\x64\debug\cube.obj
g:\directx12_demo\demo2\x64\debug\demo2.ilk
g:\directx12_demo\demo2\x64\debug\demo2.exe
g:\directx12_demo\demo2\x64\debug\demo2.pdb
g:\directx12_demo\demo2\demo2\x64\debug\demo2.res
g:\directx12_demo\demo2\demo2\x64\debug\demo2.tlog\cl.command.1.tlog
g:\directx12_demo\demo2\demo2\x64\debug\demo2.tlog\cl.read.1.tlog
g:\directx12_demo\demo2\demo2\x64\debug\demo2.tlog\cl.write.1.tlog
g:\directx12_demo\demo2\demo2\x64\debug\demo2.tlog\link.command.1.tlog
g:\directx12_demo\demo2\demo2\x64\debug\demo2.tlog\link.read.1.tlog
g:\directx12_demo\demo2\demo2\x64\debug\demo2.tlog\link.write.1.tlog
g:\directx12_demo\demo2\demo2\x64\debug\demo2.tlog\rc.command.1.tlog
g:\directx12_demo\demo2\demo2\x64\debug\demo2.tlog\rc.read.1.tlog
g:\directx12_demo\demo2\demo2\x64\debug\demo2.tlog\rc.write.1.tlog
