g:\directx12_demo\demo2\demo2\x64\debug\vc142.pdb
g:\directx12_demo\demo2\demo2\x64\debug\vc142.idb
g:\directx12_demo\demo2\demo2\x64\debug\mathhelper.obj
g:\directx12_demo\demo2\demo2\x64\debug\gametimer.obj
g:\directx12_demo\demo2\demo2\x64\debug\toolfunc.obj
g:\directx12_demo\demo2\demo2\x64\debug\d3d12app.obj
g:\directx12_demo\demo2\demo2\x64\debug\cube.obj
g:\directx12_demo\demo2\x64\debug\directx12_demo.ilk
g:\directx12_demo\demo2\x64\debug\directx12_demo.exe
g:\directx12_demo\demo2\x64\debug\directx12_demo.pdb
g:\directx12_demo\demo2\resource\demo2\x64\debug\cube.obj
g:\directx12_demo\demo2\resource\demo2\x64\debug\d3d12app.obj
g:\directx12_demo\demo2\resource\demo2\x64\debug\gametimer.obj
g:\directx12_demo\demo2\resource\demo2\x64\debug\mathhelper.obj
g:\directx12_demo\demo2\resource\demo2\x64\debug\toolfunc.obj
g:\directx12_demo\demo2\resource\demo2\x64\debug\vc142.idb
g:\directx12_demo\demo2\resource\demo2\x64\debug\vc142.pdb
g:\directx12_demo\demo2\resource\x64\debug\directx12_demo.pdb
g:\directx12_demo\demo2\resource\x64\debug\directx12_demo.exe
g:\directx12_demo\demo2\resource\x64\debug\directx12_demo.ilk
g:\directx12_demo\demo2\resource\demo2\x64\debug\directx12_demo.tlog\cl.command.1.tlog
g:\directx12_demo\demo2\resource\demo2\x64\debug\directx12_demo.tlog\cl.read.1.tlog
g:\directx12_demo\demo2\resource\demo2\x64\debug\directx12_demo.tlog\cl.write.1.tlog
g:\directx12_demo\demo2\resource\demo2\x64\debug\directx12_demo.tlog\link.command.1.tlog
g:\directx12_demo\demo2\resource\demo2\x64\debug\directx12_demo.tlog\link.read.1.tlog
g:\directx12_demo\demo2\resource\demo2\x64\debug\directx12_demo.tlog\link.write.1.tlog
